Feb  25 16:41:36	[INFO]	logger/logger.go:51	Logger initialized	{"file": "logs/zond_sync.log", "level": "debug"}
Feb  25 16:41:36	[INFO]	configs/setup.go:186	Updated validator for collection	{"collection": "dailyTransactionsVolume"}
Feb  25 16:41:36	[INFO]	configs/setup.go:186	Updated validator for collection	{"collection": "coingecko"}
Feb  25 16:41:36	[INFO]	configs/setup.go:186	Updated validator for collection	{"collection": "walletCount"}
Feb  25 16:41:36	[INFO]	configs/setup.go:186	Updated validator for collection	{"collection": "totalCirculatingSupply"}
Feb  25 16:41:36	[INFO]	configs/setup.go:186	Updated validator for collection	{"collection": "tokenBalances"}
Feb  25 16:41:36	[INFO]	Zond2mongoDB/main.go:16	Initializing QRL to MongoDB synchronizer...
Feb  25 16:41:36	[INFO]	Zond2mongoDB/main.go:17	Connecting to MongoDB and RPC node...
Feb  25 16:41:36	[INFO]	Zond2mongoDB/main.go:29	Starting blockchain synchronization process...
Feb  25 16:41:36	[INFO]	Zond2mongoDB/main.go:30	MongoDB URL: mongodb://localhost:27017
Feb  25 16:41:36	[INFO]	Zond2mongoDB/main.go:31	Node URL: http://35.158.17.89:32813
Feb  25 16:41:36	[INFO]	Zond2mongoDB/main.go:34	Starting wallet count sync service...
Feb  25 16:41:36	[INFO]	db/wallet_sync.go:16	Initializing wallet count sync service
Feb  25 16:41:36	[INFO]	Zond2mongoDB/main.go:38	Starting pending transaction sync service...
Feb  25 16:41:36	[INFO]	Zond2mongoDB/main.go:42	Starting contract reprocessing service...
Feb  25 16:41:36	[INFO]	db/wallet_sync.go:22	Performing initial wallet count sync
Feb  25 16:41:36	[INFO]	db/wallet_sync.go:40	Starting wallet count sync
Feb  25 16:41:36	[INFO]	synchroniser/sync.go:427	Starting periodic task	{"task": "mempool sync", "interval": 5}
Feb  25 16:41:36	[INFO]	synchroniser/sync.go:448	Running periodic task	{"task": "mempool sync", "attempt": 1}
Feb  25 16:41:36	[INFO]	synchroniser/sync.go:427	Starting periodic task	{"task": "pending cleanup", "interval": 3600}
Feb  25 16:41:36	[INFO]	synchroniser/sync.go:448	Running periodic task	{"task": "pending cleanup", "attempt": 1}
Feb  25 16:41:36	[INFO]	db/contracts.go:244	Starting contract reprocessing job
Feb  25 16:41:36	[INFO]	db/blocks.go:145	Found last known block in sync state	{"block": "0x118"}
Feb  25 16:41:36	[INFO]	synchroniser/sync.go:120	Continuing from last known block	{"block": "0x118"}
Feb  25 16:41:36	[INFO]	db/contracts.go:235	Completed reprocessing incomplete contracts	{"total_processed": 0}
Feb  25 16:41:36	[INFO]	synchroniser/sync.go:462	Completed periodic task	{"task": "pending cleanup", "attempt": 1}
Feb  25 16:41:36	[DEBUG]	db/db.go:35	Counted wallets	{"total_non_contract_addresses": 0}
Feb  25 16:41:36	[INFO]	db/wallet_sync.go:44	Current wallet count	{"count": 0}
Feb  25 16:41:36	[INFO]	db/wallet_sync.go:70	Wallet count sync completed	{"total_wallets": 0, "timestamp": "2025-02-25T15:41:36Z"}
Feb  25 16:41:36	[INFO]	db/wallet_sync.go:28	Starting periodic wallet count sync (every 4 hours)
Feb  25 16:41:36	[INFO]	synchroniser/sync.go:141	Starting sync from block number	{"block": "0x119"}
Feb  25 16:41:36	[INFO]	synchroniser/sync.go:143	Latest block from network	{"block": "0x119"}
Feb  25 16:41:36	[INFO]	synchroniser/sync.go:147	Initialized producer channels
Feb  25 16:41:36	[DEBUG]	synchroniser/pending_sync.go:161	No pending transactions found in txpool
Feb  25 16:41:36	[INFO]	synchroniser/sync.go:462	Completed periodic task	{"task": "mempool sync", "attempt": 1}
Feb  25 16:41:36	[INFO]	synchroniser/sync.go:155	Started consumer process
Feb  25 16:41:36	[INFO]	synchroniser/sync.go:179	Initial sync completed successfully!
Feb  25 16:41:36	[INFO]	synchroniser/sync.go:181	Calculating daily transaction volume...
Feb  25 16:41:36	[INFO]	db/volume.go:69	Successfully updated volume	{"volume": "0x0", "timestamp": "0x67bdde65"}
Feb  25 16:41:36	[INFO]	synchroniser/sync.go:184	Starting continuous block monitoring...
Feb  25 16:41:36	[INFO]	synchroniser/sync.go:548	Starting single block insertion process
Feb  25 16:41:36	[INFO]	synchroniser/sync.go:427	Starting periodic task	{"task": "validator_updates", "interval": 21600}
Feb  25 16:41:36	[INFO]	synchroniser/sync.go:427	Starting periodic task	{"task": "data_updates", "interval": 1800}
Feb  25 16:41:36	[INFO]	synchroniser/sync.go:448	Running periodic task	{"task": "data_updates", "attempt": 1}
Feb  25 16:41:36	[INFO]	synchroniser/sync.go:535	Updating CoinGecko data...
Feb  25 16:41:36	[INFO]	synchroniser/sync.go:448	Running periodic task	{"task": "validator_updates", "attempt": 1}
Feb  25 16:41:36	[INFO]	synchroniser/sync.go:575	Updating validators
Feb  25 16:41:36	[INFO]	synchroniser/sync.go:427	Starting periodic task	{"task": "block_processing", "interval": 30}
Feb  25 16:41:36	[INFO]	synchroniser/sync.go:448	Running periodic task	{"task": "block_processing", "attempt": 1}
Feb  25 16:41:36	[INFO]	db/blocks.go:145	Found last known block in sync state	{"block": "0x118"}
Feb  25 16:41:36	[INFO]	synchroniser/sync.go:527	No new blocks to process	{"current_block": "0x119", "latest_block": "0x119"}
Feb  25 16:41:36	[INFO]	synchroniser/sync.go:462	Completed periodic task	{"task": "block_processing", "attempt": 1}
Feb  25 16:41:36	[INFO]	services/validator_service.go:87	Successfully updated validators	{"count": 250, "epoch": "2"}
Feb  25 16:41:36	[INFO]	fetch/coingecko.go:85	Successfully fetched CoinGecko data	{"marketCap": 24045596, "price": 0.309014}
Feb  25 16:41:36	[INFO]	db/coingecko.go:40	Successfully updated CoinGecko data	{"marketCap": 24045596, "price": 0.309014, "lastUpdated": "Feb  25 16:41:36"}
Feb  25 16:41:36	[INFO]	synchroniser/sync.go:539	Counting wallets...
Feb  25 16:41:36	[DEBUG]	db/db.go:35	Counted wallets	{"total_non_contract_addresses": 0}
Feb  25 16:41:36	[INFO]	synchroniser/sync.go:543	Calculating daily transaction volume...
Feb  25 16:41:36	[INFO]	db/volume.go:69	Successfully updated volume	{"volume": "0x0", "timestamp": "0x67bdde65"}
Feb  25 16:41:36	[INFO]	synchroniser/sync.go:462	Completed periodic task	{"task": "data_updates", "attempt": 1}
Feb  25 16:41:36	[INFO]	services/validator_service.go:87	Successfully updated validators	{"count": 250, "epoch": "2"}
Feb  25 16:41:37	[INFO]	services/validator_service.go:87	Successfully updated validators	{"count": 19, "epoch": "2"}
Feb  25 16:41:37	[INFO]	synchroniser/sync.go:625	Successfully synced validators	{"epoch": "2"}
Feb  25 16:41:37	[INFO]	synchroniser/sync.go:580	Successfully updated validators
Feb  25 16:41:37	[INFO]	synchroniser/sync.go:462	Completed periodic task	{"task": "validator_updates", "attempt": 1}
Feb  25 16:41:41	[INFO]	synchroniser/sync.go:448	Running periodic task	{"task": "mempool sync", "attempt": 1}
Feb  25 16:41:41	[DEBUG]	synchroniser/pending_sync.go:161	No pending transactions found in txpool
Feb  25 16:41:41	[INFO]	synchroniser/sync.go:462	Completed periodic task	{"task": "mempool sync", "attempt": 1}
Feb  25 16:41:46	[INFO]	synchroniser/sync.go:448	Running periodic task	{"task": "mempool sync", "attempt": 1}
Feb  25 16:41:46	[DEBUG]	synchroniser/pending_sync.go:161	No pending transactions found in txpool
Feb  25 16:41:46	[INFO]	synchroniser/sync.go:462	Completed periodic task	{"task": "mempool sync", "attempt": 1}
Feb  25 16:41:51	[INFO]	synchroniser/sync.go:448	Running periodic task	{"task": "mempool sync", "attempt": 1}
Feb  25 16:41:51	[DEBUG]	synchroniser/pending_sync.go:161	No pending transactions found in txpool
Feb  25 16:41:51	[INFO]	synchroniser/sync.go:462	Completed periodic task	{"task": "mempool sync", "attempt": 1}
Feb  25 16:41:56	[INFO]	synchroniser/sync.go:448	Running periodic task	{"task": "mempool sync", "attempt": 1}
Feb  25 16:41:56	[DEBUG]	synchroniser/pending_sync.go:161	No pending transactions found in txpool
Feb  25 16:41:56	[INFO]	synchroniser/sync.go:462	Completed periodic task	{"task": "mempool sync", "attempt": 1}
Feb  25 16:42:01	[INFO]	synchroniser/sync.go:448	Running periodic task	{"task": "mempool sync", "attempt": 1}
Feb  25 16:42:01	[DEBUG]	synchroniser/pending_sync.go:161	No pending transactions found in txpool
Feb  25 16:42:01	[INFO]	synchroniser/sync.go:462	Completed periodic task	{"task": "mempool sync", "attempt": 1}
Feb  25 16:42:06	[INFO]	synchroniser/sync.go:448	Running periodic task	{"task": "mempool sync", "attempt": 1}
Feb  25 16:42:06	[DEBUG]	synchroniser/pending_sync.go:161	No pending transactions found in txpool
Feb  25 16:42:06	[INFO]	synchroniser/sync.go:462	Completed periodic task	{"task": "mempool sync", "attempt": 1}
Feb  25 16:42:06	[INFO]	synchroniser/sync.go:448	Running periodic task	{"task": "block_processing", "attempt": 1}
Feb  25 16:42:06	[INFO]	db/blocks.go:145	Found last known block in sync state	{"block": "0x118"}
Feb  25 16:42:06	[INFO]	synchroniser/sync.go:511	Processing blocks	{"current_block": "0x119", "latest_block": "0x11a", "blocks_behind": "0x1"}
Feb  25 16:42:06	[INFO]	synchroniser/sync.go:378	Block processed successfully	{"block": "0x119", "hash": "0x6cb1dd8231f817e591efb76faaa62a831cbb3ebf9911bb8c4e2168f7d9f511c0"}
Feb  25 16:42:06	[INFO]	synchroniser/sync.go:462	Completed periodic task	{"task": "block_processing", "attempt": 1}
Feb  25 16:42:11	[INFO]	synchroniser/sync.go:448	Running periodic task	{"task": "mempool sync", "attempt": 1}
Feb  25 16:42:11	[DEBUG]	synchroniser/pending_sync.go:161	No pending transactions found in txpool
Feb  25 16:42:11	[INFO]	synchroniser/sync.go:462	Completed periodic task	{"task": "mempool sync", "attempt": 1}
Feb  25 16:42:16	[INFO]	synchroniser/sync.go:448	Running periodic task	{"task": "mempool sync", "attempt": 1}
Feb  25 16:42:16	[DEBUG]	synchroniser/pending_sync.go:161	No pending transactions found in txpool
Feb  25 16:42:16	[INFO]	synchroniser/sync.go:462	Completed periodic task	{"task": "mempool sync", "attempt": 1}
Feb  25 16:42:21	[INFO]	synchroniser/sync.go:448	Running periodic task	{"task": "mempool sync", "attempt": 1}
Feb  25 16:42:21	[DEBUG]	synchroniser/pending_sync.go:161	No pending transactions found in txpool
Feb  25 16:42:21	[INFO]	synchroniser/sync.go:462	Completed periodic task	{"task": "mempool sync", "attempt": 1}
Feb  25 16:42:26	[INFO]	synchroniser/sync.go:448	Running periodic task	{"task": "mempool sync", "attempt": 1}
Feb  25 16:42:26	[DEBUG]	synchroniser/pending_sync.go:161	No pending transactions found in txpool
Feb  25 16:42:26	[INFO]	synchroniser/sync.go:462	Completed periodic task	{"task": "mempool sync", "attempt": 1}
Feb  25 16:42:31	[INFO]	synchroniser/sync.go:448	Running periodic task	{"task": "mempool sync", "attempt": 1}
Feb  25 16:42:31	[DEBUG]	synchroniser/pending_sync.go:161	No pending transactions found in txpool
Feb  25 16:42:31	[INFO]	synchroniser/sync.go:462	Completed periodic task	{"task": "mempool sync", "attempt": 1}
Feb  25 16:42:36	[INFO]	synchroniser/sync.go:448	Running periodic task	{"task": "mempool sync", "attempt": 1}
Feb  25 16:42:36	[INFO]	synchroniser/sync.go:448	Running periodic task	{"task": "block_processing", "attempt": 1}
Feb  25 16:42:36	[INFO]	db/blocks.go:145	Found last known block in sync state	{"block": "0x119"}
Feb  25 16:42:36	[DEBUG]	synchroniser/pending_sync.go:161	No pending transactions found in txpool
Feb  25 16:42:36	[INFO]	synchroniser/sync.go:462	Completed periodic task	{"task": "mempool sync", "attempt": 1}
Feb  25 16:42:36	[INFO]	synchroniser/sync.go:527	No new blocks to process	{"current_block": "0x11a", "latest_block": "0x11a"}
Feb  25 16:42:36	[INFO]	synchroniser/sync.go:462	Completed periodic task	{"task": "block_processing", "attempt": 1}
Feb  25 16:42:41	[INFO]	synchroniser/sync.go:448	Running periodic task	{"task": "mempool sync", "attempt": 1}
Feb  25 16:42:41	[DEBUG]	synchroniser/pending_sync.go:161	No pending transactions found in txpool
Feb  25 16:42:41	[INFO]	synchroniser/sync.go:462	Completed periodic task	{"task": "mempool sync", "attempt": 1}
Feb  25 16:42:46	[INFO]	synchroniser/sync.go:448	Running periodic task	{"task": "mempool sync", "attempt": 1}
Feb  25 16:42:46	[DEBUG]	synchroniser/pending_sync.go:161	No pending transactions found in txpool
Feb  25 16:42:46	[INFO]	synchroniser/sync.go:462	Completed periodic task	{"task": "mempool sync", "attempt": 1}
Feb  25 16:42:51	[INFO]	synchroniser/sync.go:448	Running periodic task	{"task": "mempool sync", "attempt": 1}
Feb  25 16:42:51	[DEBUG]	synchroniser/pending_sync.go:161	No pending transactions found in txpool
Feb  25 16:42:51	[INFO]	synchroniser/sync.go:462	Completed periodic task	{"task": "mempool sync", "attempt": 1}
Feb  25 16:42:56	[INFO]	synchroniser/sync.go:448	Running periodic task	{"task": "mempool sync", "attempt": 1}
Feb  25 16:42:56	[DEBUG]	synchroniser/pending_sync.go:161	No pending transactions found in txpool
Feb  25 16:42:56	[INFO]	synchroniser/sync.go:462	Completed periodic task	{"task": "mempool sync", "attempt": 1}
Feb  25 16:43:01	[INFO]	synchroniser/sync.go:448	Running periodic task	{"task": "mempool sync", "attempt": 1}
Feb  25 16:43:01	[DEBUG]	synchroniser/pending_sync.go:161	No pending transactions found in txpool
Feb  25 16:43:01	[INFO]	synchroniser/sync.go:462	Completed periodic task	{"task": "mempool sync", "attempt": 1}
Feb  25 16:43:06	[INFO]	synchroniser/sync.go:448	Running periodic task	{"task": "mempool sync", "attempt": 1}
Feb  25 16:43:06	[DEBUG]	synchroniser/pending_sync.go:161	No pending transactions found in txpool
Feb  25 16:43:06	[INFO]	synchroniser/sync.go:462	Completed periodic task	{"task": "mempool sync", "attempt": 1}
Feb  25 16:43:06	[INFO]	synchroniser/sync.go:448	Running periodic task	{"task": "block_processing", "attempt": 1}
Feb  25 16:43:06	[INFO]	db/blocks.go:145	Found last known block in sync state	{"block": "0x119"}
Feb  25 16:43:06	[INFO]	synchroniser/sync.go:511	Processing blocks	{"current_block": "0x11a", "latest_block": "0x11b", "blocks_behind": "0x1"}
Feb  25 16:43:06	[INFO]	synchroniser/sync.go:378	Block processed successfully	{"block": "0x11a", "hash": "0x0168ab423a4b8f22e33a70349ec191ddf5f584a90beecc247331beff37409adf"}
Feb  25 16:43:06	[INFO]	synchroniser/sync.go:462	Completed periodic task	{"task": "block_processing", "attempt": 1}
Feb  25 16:43:11	[INFO]	synchroniser/sync.go:448	Running periodic task	{"task": "mempool sync", "attempt": 1}
Feb  25 16:43:11	[DEBUG]	synchroniser/pending_sync.go:161	No pending transactions found in txpool
Feb  25 16:43:11	[INFO]	synchroniser/sync.go:462	Completed periodic task	{"task": "mempool sync", "attempt": 1}
Feb  25 16:43:16	[INFO]	synchroniser/sync.go:448	Running periodic task	{"task": "mempool sync", "attempt": 1}
Feb  25 16:43:16	[DEBUG]	synchroniser/pending_sync.go:161	No pending transactions found in txpool
Feb  25 16:43:16	[INFO]	synchroniser/sync.go:462	Completed periodic task	{"task": "mempool sync", "attempt": 1}
Feb  25 16:43:21	[INFO]	synchroniser/sync.go:448	Running periodic task	{"task": "mempool sync", "attempt": 1}
Feb  25 16:43:21	[DEBUG]	synchroniser/pending_sync.go:161	No pending transactions found in txpool
Feb  25 16:43:21	[INFO]	synchroniser/sync.go:462	Completed periodic task	{"task": "mempool sync", "attempt": 1}
Feb  25 16:43:26	[INFO]	synchroniser/sync.go:448	Running periodic task	{"task": "mempool sync", "attempt": 1}
Feb  25 16:43:26	[DEBUG]	synchroniser/pending_sync.go:161	No pending transactions found in txpool
Feb  25 16:43:26	[INFO]	synchroniser/sync.go:462	Completed periodic task	{"task": "mempool sync", "attempt": 1}
Feb  25 16:43:31	[INFO]	synchroniser/sync.go:448	Running periodic task	{"task": "mempool sync", "attempt": 1}
Feb  25 16:43:31	[DEBUG]	synchroniser/pending_sync.go:161	No pending transactions found in txpool
Feb  25 16:43:31	[INFO]	synchroniser/sync.go:462	Completed periodic task	{"task": "mempool sync", "attempt": 1}
Feb  25 16:43:36	[INFO]	synchroniser/sync.go:448	Running periodic task	{"task": "mempool sync", "attempt": 1}
Feb  25 16:43:36	[INFO]	synchroniser/sync.go:448	Running periodic task	{"task": "block_processing", "attempt": 1}
Feb  25 16:43:36	[INFO]	db/blocks.go:145	Found last known block in sync state	{"block": "0x11a"}
Feb  25 16:43:36	[INFO]	synchroniser/sync.go:527	No new blocks to process	{"current_block": "0x11b", "latest_block": "0x11b"}
Feb  25 16:43:36	[INFO]	synchroniser/sync.go:462	Completed periodic task	{"task": "block_processing", "attempt": 1}
Feb  25 16:43:36	[DEBUG]	synchroniser/pending_sync.go:161	No pending transactions found in txpool
Feb  25 16:43:36	[INFO]	synchroniser/sync.go:462	Completed periodic task	{"task": "mempool sync", "attempt": 1}
Feb  25 16:43:41	[INFO]	synchroniser/sync.go:448	Running periodic task	{"task": "mempool sync", "attempt": 1}
Feb  25 16:43:41	[DEBUG]	synchroniser/pending_sync.go:161	No pending transactions found in txpool
Feb  25 16:43:41	[INFO]	synchroniser/sync.go:462	Completed periodic task	{"task": "mempool sync", "attempt": 1}
Feb  25 16:43:46	[INFO]	synchroniser/sync.go:448	Running periodic task	{"task": "mempool sync", "attempt": 1}
Feb  25 16:43:46	[DEBUG]	synchroniser/pending_sync.go:161	No pending transactions found in txpool
Feb  25 16:43:46	[INFO]	synchroniser/sync.go:462	Completed periodic task	{"task": "mempool sync", "attempt": 1}
Feb  25 16:43:51	[INFO]	synchroniser/sync.go:448	Running periodic task	{"task": "mempool sync", "attempt": 1}
Feb  25 16:43:51	[DEBUG]	synchroniser/pending_sync.go:161	No pending transactions found in txpool
Feb  25 16:43:51	[INFO]	synchroniser/sync.go:462	Completed periodic task	{"task": "mempool sync", "attempt": 1}
Feb  25 16:43:56	[INFO]	synchroniser/sync.go:448	Running periodic task	{"task": "mempool sync", "attempt": 1}
Feb  25 16:43:56	[DEBUG]	synchroniser/pending_sync.go:161	No pending transactions found in txpool
Feb  25 16:43:56	[INFO]	synchroniser/sync.go:462	Completed periodic task	{"task": "mempool sync", "attempt": 1}
Feb  25 16:44:01	[INFO]	synchroniser/sync.go:448	Running periodic task	{"task": "mempool sync", "attempt": 1}
Feb  25 16:44:01	[DEBUG]	synchroniser/pending_sync.go:161	No pending transactions found in txpool
Feb  25 16:44:01	[INFO]	synchroniser/sync.go:462	Completed periodic task	{"task": "mempool sync", "attempt": 1}
Feb  25 16:44:06	[INFO]	synchroniser/sync.go:448	Running periodic task	{"task": "mempool sync", "attempt": 1}
Feb  25 16:44:06	[INFO]	synchroniser/sync.go:448	Running periodic task	{"task": "block_processing", "attempt": 1}
Feb  25 16:44:06	[INFO]	db/blocks.go:145	Found last known block in sync state	{"block": "0x11a"}
Feb  25 16:44:06	[DEBUG]	synchroniser/pending_sync.go:161	No pending transactions found in txpool
Feb  25 16:44:06	[INFO]	synchroniser/sync.go:511	Processing blocks	{"current_block": "0x11b", "latest_block": "0x11c", "blocks_behind": "0x1"}
Feb  25 16:44:06	[INFO]	synchroniser/sync.go:462	Completed periodic task	{"task": "mempool sync", "attempt": 1}
Feb  25 16:44:06	[INFO]	synchroniser/sync.go:378	Block processed successfully	{"block": "0x11b", "hash": "0xab953f161ecdd777f5415c0361b8fe126c04702c38508c2258760792a3db7e99"}
Feb  25 16:44:06	[INFO]	synchroniser/sync.go:462	Completed periodic task	{"task": "block_processing", "attempt": 1}
Feb  25 16:44:11	[INFO]	synchroniser/sync.go:448	Running periodic task	{"task": "mempool sync", "attempt": 1}
Feb  25 16:44:11	[DEBUG]	synchroniser/pending_sync.go:161	No pending transactions found in txpool
Feb  25 16:44:11	[INFO]	synchroniser/sync.go:462	Completed periodic task	{"task": "mempool sync", "attempt": 1}
Feb  25 16:44:16	[INFO]	synchroniser/sync.go:448	Running periodic task	{"task": "mempool sync", "attempt": 1}
Feb  25 16:44:16	[DEBUG]	synchroniser/pending_sync.go:161	No pending transactions found in txpool
Feb  25 16:44:16	[INFO]	synchroniser/sync.go:462	Completed periodic task	{"task": "mempool sync", "attempt": 1}
Feb  25 16:44:21	[INFO]	synchroniser/sync.go:448	Running periodic task	{"task": "mempool sync", "attempt": 1}
Feb  25 16:44:21	[DEBUG]	synchroniser/pending_sync.go:161	No pending transactions found in txpool
Feb  25 16:44:21	[INFO]	synchroniser/sync.go:462	Completed periodic task	{"task": "mempool sync", "attempt": 1}
Feb  25 16:44:26	[INFO]	synchroniser/sync.go:448	Running periodic task	{"task": "mempool sync", "attempt": 1}
Feb  25 16:44:26	[DEBUG]	synchroniser/pending_sync.go:161	No pending transactions found in txpool
Feb  25 16:44:26	[INFO]	synchroniser/sync.go:462	Completed periodic task	{"task": "mempool sync", "attempt": 1}
Feb  25 16:44:31	[INFO]	synchroniser/sync.go:448	Running periodic task	{"task": "mempool sync", "attempt": 1}
Feb  25 16:44:31	[DEBUG]	synchroniser/pending_sync.go:161	No pending transactions found in txpool
Feb  25 16:44:31	[INFO]	synchroniser/sync.go:462	Completed periodic task	{"task": "mempool sync", "attempt": 1}
Feb  25 16:44:36	[INFO]	synchroniser/sync.go:448	Running periodic task	{"task": "mempool sync", "attempt": 1}
Feb  25 16:44:36	[INFO]	synchroniser/sync.go:448	Running periodic task	{"task": "block_processing", "attempt": 1}
Feb  25 16:44:36	[INFO]	db/blocks.go:145	Found last known block in sync state	{"block": "0x11b"}
Feb  25 16:44:36	[DEBUG]	synchroniser/pending_sync.go:161	No pending transactions found in txpool
Feb  25 16:44:36	[INFO]	synchroniser/sync.go:462	Completed periodic task	{"task": "mempool sync", "attempt": 1}
Feb  25 16:44:36	[INFO]	synchroniser/sync.go:527	No new blocks to process	{"current_block": "0x11c", "latest_block": "0x11c"}
Feb  25 16:44:36	[INFO]	synchroniser/sync.go:462	Completed periodic task	{"task": "block_processing", "attempt": 1}
Feb  25 16:44:41	[INFO]	synchroniser/sync.go:448	Running periodic task	{"task": "mempool sync", "attempt": 1}
Feb  25 16:44:41	[DEBUG]	synchroniser/pending_sync.go:161	No pending transactions found in txpool
Feb  25 16:44:41	[INFO]	synchroniser/sync.go:462	Completed periodic task	{"task": "mempool sync", "attempt": 1}
Feb  25 16:44:46	[INFO]	synchroniser/sync.go:448	Running periodic task	{"task": "mempool sync", "attempt": 1}
Feb  25 16:44:46	[DEBUG]	synchroniser/pending_sync.go:161	No pending transactions found in txpool
Feb  25 16:44:46	[INFO]	synchroniser/sync.go:462	Completed periodic task	{"task": "mempool sync", "attempt": 1}
Feb  25 16:44:51	[INFO]	synchroniser/sync.go:448	Running periodic task	{"task": "mempool sync", "attempt": 1}
Feb  25 16:44:51	[DEBUG]	synchroniser/pending_sync.go:161	No pending transactions found in txpool
Feb  25 16:44:51	[INFO]	synchroniser/sync.go:462	Completed periodic task	{"task": "mempool sync", "attempt": 1}
Feb  25 16:44:56	[INFO]	synchroniser/sync.go:448	Running periodic task	{"task": "mempool sync", "attempt": 1}
Feb  25 16:44:56	[DEBUG]	synchroniser/pending_sync.go:161	No pending transactions found in txpool
Feb  25 16:44:56	[INFO]	synchroniser/sync.go:462	Completed periodic task	{"task": "mempool sync", "attempt": 1}
Feb  25 16:45:01	[INFO]	synchroniser/sync.go:448	Running periodic task	{"task": "mempool sync", "attempt": 1}
Feb  25 16:45:01	[DEBUG]	synchroniser/pending_sync.go:161	No pending transactions found in txpool
Feb  25 16:45:01	[INFO]	synchroniser/sync.go:462	Completed periodic task	{"task": "mempool sync", "attempt": 1}
Feb  25 16:45:06	[INFO]	synchroniser/sync.go:448	Running periodic task	{"task": "mempool sync", "attempt": 1}
Feb  25 16:45:06	[INFO]	synchroniser/sync.go:448	Running periodic task	{"task": "block_processing", "attempt": 1}
Feb  25 16:45:06	[INFO]	db/blocks.go:145	Found last known block in sync state	{"block": "0x11b"}
Feb  25 16:45:06	[DEBUG]	synchroniser/pending_sync.go:161	No pending transactions found in txpool
Feb  25 16:45:06	[INFO]	synchroniser/sync.go:462	Completed periodic task	{"task": "mempool sync", "attempt": 1}
Feb  25 16:45:06	[INFO]	synchroniser/sync.go:511	Processing blocks	{"current_block": "0x11c", "latest_block": "0x11d", "blocks_behind": "0x1"}
Feb  25 16:45:06	[INFO]	synchroniser/sync.go:378	Block processed successfully	{"block": "0x11c", "hash": "0x6e2229f53235ea6e00de545449ca97911c6f5af343af8c46af2d693b97e9af09"}
Feb  25 16:45:06	[INFO]	synchroniser/sync.go:462	Completed periodic task	{"task": "block_processing", "attempt": 1}
Feb  25 16:45:11	[INFO]	synchroniser/sync.go:448	Running periodic task	{"task": "mempool sync", "attempt": 1}
Feb  25 16:45:11	[DEBUG]	synchroniser/pending_sync.go:161	No pending transactions found in txpool
Feb  25 16:45:11	[INFO]	synchroniser/sync.go:462	Completed periodic task	{"task": "mempool sync", "attempt": 1}
Feb  25 16:45:16	[INFO]	synchroniser/sync.go:448	Running periodic task	{"task": "mempool sync", "attempt": 1}
Feb  25 16:45:16	[DEBUG]	synchroniser/pending_sync.go:161	No pending transactions found in txpool
Feb  25 16:45:16	[INFO]	synchroniser/sync.go:462	Completed periodic task	{"task": "mempool sync", "attempt": 1}
Feb  25 16:45:21	[INFO]	synchroniser/sync.go:448	Running periodic task	{"task": "mempool sync", "attempt": 1}
Feb  25 16:45:21	[DEBUG]	synchroniser/pending_sync.go:161	No pending transactions found in txpool
Feb  25 16:45:21	[INFO]	synchroniser/sync.go:462	Completed periodic task	{"task": "mempool sync", "attempt": 1}
Feb  25 16:45:26	[INFO]	synchroniser/sync.go:448	Running periodic task	{"task": "mempool sync", "attempt": 1}
Feb  25 16:45:26	[DEBUG]	synchroniser/pending_sync.go:161	No pending transactions found in txpool
Feb  25 16:45:26	[INFO]	synchroniser/sync.go:462	Completed periodic task	{"task": "mempool sync", "attempt": 1}
Feb  25 16:45:31	[INFO]	synchroniser/sync.go:448	Running periodic task	{"task": "mempool sync", "attempt": 1}
Feb  25 16:45:31	[DEBUG]	synchroniser/pending_sync.go:161	No pending transactions found in txpool
Feb  25 16:45:31	[INFO]	synchroniser/sync.go:462	Completed periodic task	{"task": "mempool sync", "attempt": 1}
Feb  25 16:45:36	[INFO]	synchroniser/sync.go:448	Running periodic task	{"task": "mempool sync", "attempt": 1}
Feb  25 16:45:36	[INFO]	synchroniser/sync.go:448	Running periodic task	{"task": "block_processing", "attempt": 1}
Feb  25 16:45:36	[INFO]	db/blocks.go:145	Found last known block in sync state	{"block": "0x11c"}
Feb  25 16:45:36	[DEBUG]	synchroniser/pending_sync.go:161	No pending transactions found in txpool
Feb  25 16:45:36	[INFO]	synchroniser/sync.go:462	Completed periodic task	{"task": "mempool sync", "attempt": 1}
Feb  25 16:45:36	[INFO]	synchroniser/sync.go:527	No new blocks to process	{"current_block": "0x11d", "latest_block": "0x11d"}
Feb  25 16:45:36	[INFO]	synchroniser/sync.go:462	Completed periodic task	{"task": "block_processing", "attempt": 1}
Feb  25 16:45:41	[INFO]	synchroniser/sync.go:448	Running periodic task	{"task": "mempool sync", "attempt": 1}
Feb  25 16:45:41	[DEBUG]	synchroniser/pending_sync.go:161	No pending transactions found in txpool
Feb  25 16:45:41	[INFO]	synchroniser/sync.go:462	Completed periodic task	{"task": "mempool sync", "attempt": 1}
Feb  25 16:45:46	[INFO]	synchroniser/sync.go:448	Running periodic task	{"task": "mempool sync", "attempt": 1}
Feb  25 16:45:46	[DEBUG]	synchroniser/pending_sync.go:161	No pending transactions found in txpool
Feb  25 16:45:46	[INFO]	synchroniser/sync.go:462	Completed periodic task	{"task": "mempool sync", "attempt": 1}
Feb  25 16:45:51	[INFO]	synchroniser/sync.go:448	Running periodic task	{"task": "mempool sync", "attempt": 1}
Feb  25 16:45:51	[DEBUG]	synchroniser/pending_sync.go:161	No pending transactions found in txpool
Feb  25 16:45:51	[INFO]	synchroniser/sync.go:462	Completed periodic task	{"task": "mempool sync", "attempt": 1}
Feb  25 16:45:56	[INFO]	synchroniser/sync.go:448	Running periodic task	{"task": "mempool sync", "attempt": 1}
Feb  25 16:45:56	[DEBUG]	synchroniser/pending_sync.go:161	No pending transactions found in txpool
Feb  25 16:45:56	[INFO]	synchroniser/sync.go:462	Completed periodic task	{"task": "mempool sync", "attempt": 1}
Feb  25 16:46:01	[INFO]	synchroniser/sync.go:448	Running periodic task	{"task": "mempool sync", "attempt": 1}
Feb  25 16:46:01	[DEBUG]	synchroniser/pending_sync.go:161	No pending transactions found in txpool
Feb  25 16:46:01	[INFO]	synchroniser/sync.go:462	Completed periodic task	{"task": "mempool sync", "attempt": 1}
Feb  25 16:46:06	[INFO]	synchroniser/sync.go:448	Running periodic task	{"task": "mempool sync", "attempt": 1}
Feb  25 16:46:06	[INFO]	synchroniser/sync.go:448	Running periodic task	{"task": "block_processing", "attempt": 1}
Feb  25 16:46:06	[INFO]	db/blocks.go:145	Found last known block in sync state	{"block": "0x11c"}
Feb  25 16:46:06	[DEBUG]	synchroniser/pending_sync.go:161	No pending transactions found in txpool
Feb  25 16:46:06	[INFO]	synchroniser/sync.go:462	Completed periodic task	{"task": "mempool sync", "attempt": 1}
Feb  25 16:46:06	[INFO]	synchroniser/sync.go:511	Processing blocks	{"current_block": "0x11d", "latest_block": "0x11e", "blocks_behind": "0x1"}
Feb  25 16:46:06	[INFO]	synchroniser/sync.go:378	Block processed successfully	{"block": "0x11d", "hash": "0x2c55b141138478f397c5242db4159e006d049cf9d6f24379800d6bee3386f7a6"}
Feb  25 16:46:06	[INFO]	synchroniser/sync.go:462	Completed periodic task	{"task": "block_processing", "attempt": 1}
Feb  25 16:46:11	[INFO]	synchroniser/sync.go:448	Running periodic task	{"task": "mempool sync", "attempt": 1}
Feb  25 16:46:11	[DEBUG]	synchroniser/pending_sync.go:161	No pending transactions found in txpool
Feb  25 16:46:11	[INFO]	synchroniser/sync.go:462	Completed periodic task	{"task": "mempool sync", "attempt": 1}
Feb  25 16:46:16	[INFO]	synchroniser/sync.go:448	Running periodic task	{"task": "mempool sync", "attempt": 1}
Feb  25 16:46:16	[DEBUG]	synchroniser/pending_sync.go:161	No pending transactions found in txpool
Feb  25 16:46:16	[INFO]	synchroniser/sync.go:462	Completed periodic task	{"task": "mempool sync", "attempt": 1}
Feb  25 16:46:21	[INFO]	synchroniser/sync.go:448	Running periodic task	{"task": "mempool sync", "attempt": 1}
Feb  25 16:46:21	[DEBUG]	synchroniser/pending_sync.go:161	No pending transactions found in txpool
Feb  25 16:46:21	[INFO]	synchroniser/sync.go:462	Completed periodic task	{"task": "mempool sync", "attempt": 1}
Feb  25 16:46:26	[INFO]	synchroniser/sync.go:448	Running periodic task	{"task": "mempool sync", "attempt": 1}
Feb  25 16:46:26	[DEBUG]	synchroniser/pending_sync.go:161	No pending transactions found in txpool
Feb  25 16:46:26	[INFO]	synchroniser/sync.go:462	Completed periodic task	{"task": "mempool sync", "attempt": 1}
Feb  25 16:46:31	[INFO]	synchroniser/sync.go:448	Running periodic task	{"task": "mempool sync", "attempt": 1}
Feb  25 16:46:31	[DEBUG]	synchroniser/pending_sync.go:161	No pending transactions found in txpool
Feb  25 16:46:31	[INFO]	synchroniser/sync.go:462	Completed periodic task	{"task": "mempool sync", "attempt": 1}
Feb  25 16:46:36	[INFO]	synchroniser/sync.go:448	Running periodic task	{"task": "mempool sync", "attempt": 1}
Feb  25 16:46:36	[INFO]	synchroniser/sync.go:448	Running periodic task	{"task": "block_processing", "attempt": 1}
Feb  25 16:46:36	[INFO]	db/blocks.go:145	Found last known block in sync state	{"block": "0x11d"}
Feb  25 16:46:36	[INFO]	synchroniser/sync.go:527	No new blocks to process	{"current_block": "0x11e", "latest_block": "0x11e"}
Feb  25 16:46:36	[INFO]	synchroniser/sync.go:462	Completed periodic task	{"task": "block_processing", "attempt": 1}
Feb  25 16:46:36	[DEBUG]	synchroniser/pending_sync.go:161	No pending transactions found in txpool
Feb  25 16:46:36	[INFO]	synchroniser/sync.go:462	Completed periodic task	{"task": "mempool sync", "attempt": 1}
Feb  25 16:46:41	[INFO]	synchroniser/sync.go:448	Running periodic task	{"task": "mempool sync", "attempt": 1}
Feb  25 16:46:41	[DEBUG]	synchroniser/pending_sync.go:161	No pending transactions found in txpool
Feb  25 16:46:41	[INFO]	synchroniser/sync.go:462	Completed periodic task	{"task": "mempool sync", "attempt": 1}
Feb  25 16:46:46	[INFO]	synchroniser/sync.go:448	Running periodic task	{"task": "mempool sync", "attempt": 1}
Feb  25 16:46:46	[DEBUG]	synchroniser/pending_sync.go:161	No pending transactions found in txpool
Feb  25 16:46:46	[INFO]	synchroniser/sync.go:462	Completed periodic task	{"task": "mempool sync", "attempt": 1}
Feb  25 16:46:51	[INFO]	synchroniser/sync.go:448	Running periodic task	{"task": "mempool sync", "attempt": 1}
Feb  25 16:46:51	[DEBUG]	synchroniser/pending_sync.go:161	No pending transactions found in txpool
Feb  25 16:46:51	[INFO]	synchroniser/sync.go:462	Completed periodic task	{"task": "mempool sync", "attempt": 1}
Feb  25 16:46:56	[INFO]	synchroniser/sync.go:448	Running periodic task	{"task": "mempool sync", "attempt": 1}
Feb  25 16:46:56	[DEBUG]	synchroniser/pending_sync.go:161	No pending transactions found in txpool
Feb  25 16:46:56	[INFO]	synchroniser/sync.go:462	Completed periodic task	{"task": "mempool sync", "attempt": 1}
Feb  25 16:47:01	[INFO]	synchroniser/sync.go:448	Running periodic task	{"task": "mempool sync", "attempt": 1}
Feb  25 16:47:01	[DEBUG]	synchroniser/pending_sync.go:161	No pending transactions found in txpool
Feb  25 16:47:01	[INFO]	synchroniser/sync.go:462	Completed periodic task	{"task": "mempool sync", "attempt": 1}
Feb  25 16:47:06	[INFO]	synchroniser/sync.go:448	Running periodic task	{"task": "mempool sync", "attempt": 1}
Feb  25 16:47:06	[INFO]	synchroniser/sync.go:448	Running periodic task	{"task": "block_processing", "attempt": 1}
Feb  25 16:47:06	[INFO]	db/blocks.go:145	Found last known block in sync state	{"block": "0x11d"}
Feb  25 16:47:06	[DEBUG]	synchroniser/pending_sync.go:161	No pending transactions found in txpool
Feb  25 16:47:06	[INFO]	synchroniser/sync.go:462	Completed periodic task	{"task": "mempool sync", "attempt": 1}
Feb  25 16:47:06	[INFO]	synchroniser/sync.go:511	Processing blocks	{"current_block": "0x11e", "latest_block": "0x11f", "blocks_behind": "0x1"}
Feb  25 16:47:06	[INFO]	synchroniser/sync.go:378	Block processed successfully	{"block": "0x11e", "hash": "0xc7e478708aef9622c76a0991ca60fa60df3763c709759e1a0a4fb960dd3cf169"}
Feb  25 16:47:06	[INFO]	synchroniser/sync.go:462	Completed periodic task	{"task": "block_processing", "attempt": 1}
Feb  25 16:47:11	[INFO]	synchroniser/sync.go:448	Running periodic task	{"task": "mempool sync", "attempt": 1}
Feb  25 16:47:11	[DEBUG]	synchroniser/pending_sync.go:161	No pending transactions found in txpool
Feb  25 16:47:11	[INFO]	synchroniser/sync.go:462	Completed periodic task	{"task": "mempool sync", "attempt": 1}
Feb  25 16:47:16	[INFO]	synchroniser/sync.go:448	Running periodic task	{"task": "mempool sync", "attempt": 1}
Feb  25 16:47:16	[DEBUG]	synchroniser/pending_sync.go:161	No pending transactions found in txpool
Feb  25 16:47:16	[INFO]	synchroniser/sync.go:462	Completed periodic task	{"task": "mempool sync", "attempt": 1}
Feb  25 16:47:21	[INFO]	synchroniser/sync.go:448	Running periodic task	{"task": "mempool sync", "attempt": 1}
Feb  25 16:47:21	[DEBUG]	synchroniser/pending_sync.go:161	No pending transactions found in txpool
Feb  25 16:47:21	[INFO]	synchroniser/sync.go:462	Completed periodic task	{"task": "mempool sync", "attempt": 1}
Feb  25 16:47:26	[INFO]	synchroniser/sync.go:448	Running periodic task	{"task": "mempool sync", "attempt": 1}
Feb  25 16:47:26	[DEBUG]	synchroniser/pending_sync.go:161	No pending transactions found in txpool
Feb  25 16:47:26	[INFO]	synchroniser/sync.go:462	Completed periodic task	{"task": "mempool sync", "attempt": 1}
Feb  25 16:47:31	[INFO]	synchroniser/sync.go:448	Running periodic task	{"task": "mempool sync", "attempt": 1}
Feb  25 16:47:31	[DEBUG]	synchroniser/pending_sync.go:161	No pending transactions found in txpool
Feb  25 16:47:31	[INFO]	synchroniser/sync.go:462	Completed periodic task	{"task": "mempool sync", "attempt": 1}
Feb  25 16:47:36	[INFO]	synchroniser/sync.go:448	Running periodic task	{"task": "mempool sync", "attempt": 1}
Feb  25 16:47:36	[INFO]	synchroniser/sync.go:448	Running periodic task	{"task": "block_processing", "attempt": 1}
Feb  25 16:47:36	[INFO]	db/blocks.go:145	Found last known block in sync state	{"block": "0x11e"}
Feb  25 16:47:36	[INFO]	synchroniser/sync.go:527	No new blocks to process	{"current_block": "0x11f", "latest_block": "0x11f"}
Feb  25 16:47:36	[INFO]	synchroniser/sync.go:462	Completed periodic task	{"task": "block_processing", "attempt": 1}
Feb  25 16:47:36	[DEBUG]	synchroniser/pending_sync.go:161	No pending transactions found in txpool
Feb  25 16:47:36	[INFO]	synchroniser/sync.go:462	Completed periodic task	{"task": "mempool sync", "attempt": 1}
Feb  25 16:47:41	[INFO]	synchroniser/sync.go:448	Running periodic task	{"task": "mempool sync", "attempt": 1}
Feb  25 16:47:41	[DEBUG]	synchroniser/pending_sync.go:161	No pending transactions found in txpool
Feb  25 16:47:41	[INFO]	synchroniser/sync.go:462	Completed periodic task	{"task": "mempool sync", "attempt": 1}
Feb  25 16:47:46	[INFO]	synchroniser/sync.go:448	Running periodic task	{"task": "mempool sync", "attempt": 1}
Feb  25 16:47:46	[DEBUG]	synchroniser/pending_sync.go:161	No pending transactions found in txpool
Feb  25 16:47:46	[INFO]	synchroniser/sync.go:462	Completed periodic task	{"task": "mempool sync", "attempt": 1}
Feb  25 16:47:51	[INFO]	synchroniser/sync.go:448	Running periodic task	{"task": "mempool sync", "attempt": 1}
Feb  25 16:47:51	[DEBUG]	synchroniser/pending_sync.go:161	No pending transactions found in txpool
Feb  25 16:47:51	[INFO]	synchroniser/sync.go:462	Completed periodic task	{"task": "mempool sync", "attempt": 1}
Feb  25 16:47:56	[INFO]	synchroniser/sync.go:448	Running periodic task	{"task": "mempool sync", "attempt": 1}
Feb  25 16:47:56	[DEBUG]	synchroniser/pending_sync.go:161	No pending transactions found in txpool
Feb  25 16:47:56	[INFO]	synchroniser/sync.go:462	Completed periodic task	{"task": "mempool sync", "attempt": 1}
Feb  25 16:48:01	[INFO]	synchroniser/sync.go:448	Running periodic task	{"task": "mempool sync", "attempt": 1}
Feb  25 16:48:01	[DEBUG]	synchroniser/pending_sync.go:161	No pending transactions found in txpool
Feb  25 16:48:01	[INFO]	synchroniser/sync.go:462	Completed periodic task	{"task": "mempool sync", "attempt": 1}
Feb  25 16:48:06	[INFO]	synchroniser/sync.go:448	Running periodic task	{"task": "mempool sync", "attempt": 1}
Feb  25 16:48:06	[INFO]	synchroniser/sync.go:448	Running periodic task	{"task": "block_processing", "attempt": 1}
Feb  25 16:48:06	[INFO]	db/blocks.go:145	Found last known block in sync state	{"block": "0x11e"}
Feb  25 16:48:06	[DEBUG]	synchroniser/pending_sync.go:161	No pending transactions found in txpool
Feb  25 16:48:06	[INFO]	synchroniser/sync.go:462	Completed periodic task	{"task": "mempool sync", "attempt": 1}
Feb  25 16:48:06	[INFO]	synchroniser/sync.go:511	Processing blocks	{"current_block": "0x11f", "latest_block": "0x120", "blocks_behind": "0x1"}
Feb  25 16:48:06	[INFO]	synchroniser/sync.go:378	Block processed successfully	{"block": "0x11f", "hash": "0x3d46f4889cda8056f6cf4527acfa37b90cadffb89e88892d2f3448410e0bc9aa"}
Feb  25 16:48:06	[INFO]	synchroniser/sync.go:462	Completed periodic task	{"task": "block_processing", "attempt": 1}
Feb  25 16:48:11	[INFO]	synchroniser/sync.go:448	Running periodic task	{"task": "mempool sync", "attempt": 1}
Feb  25 16:48:11	[DEBUG]	synchroniser/pending_sync.go:161	No pending transactions found in txpool
Feb  25 16:48:11	[INFO]	synchroniser/sync.go:462	Completed periodic task	{"task": "mempool sync", "attempt": 1}
Feb  25 16:48:16	[INFO]	synchroniser/sync.go:448	Running periodic task	{"task": "mempool sync", "attempt": 1}
Feb  25 16:48:16	[DEBUG]	synchroniser/pending_sync.go:161	No pending transactions found in txpool
Feb  25 16:48:16	[INFO]	synchroniser/sync.go:462	Completed periodic task	{"task": "mempool sync", "attempt": 1}
Feb  25 16:48:21	[INFO]	synchroniser/sync.go:448	Running periodic task	{"task": "mempool sync", "attempt": 1}
Feb  25 16:48:21	[DEBUG]	synchroniser/pending_sync.go:161	No pending transactions found in txpool
Feb  25 16:48:21	[INFO]	synchroniser/sync.go:462	Completed periodic task	{"task": "mempool sync", "attempt": 1}
Feb  25 16:48:26	[INFO]	synchroniser/sync.go:448	Running periodic task	{"task": "mempool sync", "attempt": 1}
Feb  25 16:48:26	[DEBUG]	synchroniser/pending_sync.go:161	No pending transactions found in txpool
Feb  25 16:48:26	[INFO]	synchroniser/sync.go:462	Completed periodic task	{"task": "mempool sync", "attempt": 1}
Feb  25 16:48:31	[INFO]	synchroniser/sync.go:448	Running periodic task	{"task": "mempool sync", "attempt": 1}
Feb  25 16:48:31	[DEBUG]	synchroniser/pending_sync.go:161	No pending transactions found in txpool
Feb  25 16:48:31	[INFO]	synchroniser/sync.go:462	Completed periodic task	{"task": "mempool sync", "attempt": 1}
Feb  25 16:48:36	[INFO]	synchroniser/sync.go:448	Running periodic task	{"task": "mempool sync", "attempt": 1}
Feb  25 16:48:36	[INFO]	synchroniser/sync.go:448	Running periodic task	{"task": "block_processing", "attempt": 1}
Feb  25 16:48:36	[INFO]	db/blocks.go:145	Found last known block in sync state	{"block": "0x11f"}
Feb  25 16:48:36	[DEBUG]	synchroniser/pending_sync.go:161	No pending transactions found in txpool
Feb  25 16:48:36	[INFO]	synchroniser/sync.go:462	Completed periodic task	{"task": "mempool sync", "attempt": 1}
Feb  25 16:48:36	[INFO]	synchroniser/sync.go:527	No new blocks to process	{"current_block": "0x120", "latest_block": "0x120"}
Feb  25 16:48:36	[INFO]	synchroniser/sync.go:462	Completed periodic task	{"task": "block_processing", "attempt": 1}
Feb  25 16:48:41	[INFO]	synchroniser/sync.go:448	Running periodic task	{"task": "mempool sync", "attempt": 1}
Feb  25 16:48:41	[DEBUG]	synchroniser/pending_sync.go:161	No pending transactions found in txpool
Feb  25 16:48:41	[INFO]	synchroniser/sync.go:462	Completed periodic task	{"task": "mempool sync", "attempt": 1}
Feb  25 16:48:46	[INFO]	synchroniser/sync.go:448	Running periodic task	{"task": "mempool sync", "attempt": 1}
Feb  25 16:48:46	[DEBUG]	synchroniser/pending_sync.go:161	No pending transactions found in txpool
Feb  25 16:48:46	[INFO]	synchroniser/sync.go:462	Completed periodic task	{"task": "mempool sync", "attempt": 1}
Feb  25 16:48:51	[INFO]	synchroniser/sync.go:448	Running periodic task	{"task": "mempool sync", "attempt": 1}
Feb  25 16:48:51	[DEBUG]	synchroniser/pending_sync.go:161	No pending transactions found in txpool
Feb  25 16:48:51	[INFO]	synchroniser/sync.go:462	Completed periodic task	{"task": "mempool sync", "attempt": 1}
Feb  25 16:48:56	[INFO]	synchroniser/sync.go:448	Running periodic task	{"task": "mempool sync", "attempt": 1}
Feb  25 16:48:56	[DEBUG]	synchroniser/pending_sync.go:161	No pending transactions found in txpool
Feb  25 16:48:56	[INFO]	synchroniser/sync.go:462	Completed periodic task	{"task": "mempool sync", "attempt": 1}
Feb  25 16:49:01	[INFO]	synchroniser/sync.go:448	Running periodic task	{"task": "mempool sync", "attempt": 1}
Feb  25 16:49:01	[DEBUG]	synchroniser/pending_sync.go:161	No pending transactions found in txpool
Feb  25 16:49:01	[INFO]	synchroniser/sync.go:462	Completed periodic task	{"task": "mempool sync", "attempt": 1}
Feb  25 16:49:06	[INFO]	synchroniser/sync.go:448	Running periodic task	{"task": "mempool sync", "attempt": 1}
Feb  25 16:49:06	[INFO]	synchroniser/sync.go:448	Running periodic task	{"task": "block_processing", "attempt": 1}
Feb  25 16:49:06	[INFO]	db/blocks.go:145	Found last known block in sync state	{"block": "0x11f"}
Feb  25 16:49:06	[DEBUG]	synchroniser/pending_sync.go:161	No pending transactions found in txpool
Feb  25 16:49:06	[INFO]	synchroniser/sync.go:462	Completed periodic task	{"task": "mempool sync", "attempt": 1}
Feb  25 16:49:06	[INFO]	synchroniser/sync.go:511	Processing blocks	{"current_block": "0x120", "latest_block": "0x121", "blocks_behind": "0x1"}
Feb  25 16:49:06	[INFO]	synchroniser/sync.go:378	Block processed successfully	{"block": "0x120", "hash": "0x769cb74335c1df4eb0a988b2f4b787bd50c127ae1489cd09c09c46392b66723d"}
Feb  25 16:49:06	[INFO]	synchroniser/sync.go:462	Completed periodic task	{"task": "block_processing", "attempt": 1}
Feb  25 16:49:11	[INFO]	synchroniser/sync.go:448	Running periodic task	{"task": "mempool sync", "attempt": 1}
Feb  25 16:49:11	[DEBUG]	synchroniser/pending_sync.go:161	No pending transactions found in txpool
Feb  25 16:49:11	[INFO]	synchroniser/sync.go:462	Completed periodic task	{"task": "mempool sync", "attempt": 1}
Feb  25 16:49:16	[INFO]	synchroniser/sync.go:448	Running periodic task	{"task": "mempool sync", "attempt": 1}
Feb  25 16:49:16	[DEBUG]	synchroniser/pending_sync.go:161	No pending transactions found in txpool
Feb  25 16:49:16	[INFO]	synchroniser/sync.go:462	Completed periodic task	{"task": "mempool sync", "attempt": 1}
Feb  25 16:49:21	[INFO]	synchroniser/sync.go:448	Running periodic task	{"task": "mempool sync", "attempt": 1}
Feb  25 16:49:21	[DEBUG]	synchroniser/pending_sync.go:161	No pending transactions found in txpool
Feb  25 16:49:21	[INFO]	synchroniser/sync.go:462	Completed periodic task	{"task": "mempool sync", "attempt": 1}
Feb  25 16:49:26	[INFO]	synchroniser/sync.go:448	Running periodic task	{"task": "mempool sync", "attempt": 1}
Feb  25 16:49:26	[DEBUG]	synchroniser/pending_sync.go:161	No pending transactions found in txpool
Feb  25 16:49:26	[INFO]	synchroniser/sync.go:462	Completed periodic task	{"task": "mempool sync", "attempt": 1}
Feb  25 16:49:31	[INFO]	synchroniser/sync.go:448	Running periodic task	{"task": "mempool sync", "attempt": 1}
Feb  25 16:49:31	[DEBUG]	synchroniser/pending_sync.go:161	No pending transactions found in txpool
Feb  25 16:49:31	[INFO]	synchroniser/sync.go:462	Completed periodic task	{"task": "mempool sync", "attempt": 1}
Feb  25 16:49:36	[INFO]	synchroniser/sync.go:448	Running periodic task	{"task": "mempool sync", "attempt": 1}
Feb  25 16:49:36	[DEBUG]	synchroniser/pending_sync.go:161	No pending transactions found in txpool
Feb  25 16:49:36	[INFO]	synchroniser/sync.go:462	Completed periodic task	{"task": "mempool sync", "attempt": 1}
Feb  25 16:49:36	[INFO]	synchroniser/sync.go:448	Running periodic task	{"task": "block_processing", "attempt": 1}
Feb  25 16:49:36	[INFO]	db/blocks.go:145	Found last known block in sync state	{"block": "0x120"}
Feb  25 16:49:36	[INFO]	synchroniser/sync.go:527	No new blocks to process	{"current_block": "0x121", "latest_block": "0x121"}
Feb  25 16:49:36	[INFO]	synchroniser/sync.go:462	Completed periodic task	{"task": "block_processing", "attempt": 1}
Feb  25 16:49:41	[INFO]	synchroniser/sync.go:448	Running periodic task	{"task": "mempool sync", "attempt": 1}
Feb  25 16:49:41	[DEBUG]	synchroniser/pending_sync.go:161	No pending transactions found in txpool
Feb  25 16:49:41	[INFO]	synchroniser/sync.go:462	Completed periodic task	{"task": "mempool sync", "attempt": 1}
Feb  25 16:49:46	[INFO]	synchroniser/sync.go:448	Running periodic task	{"task": "mempool sync", "attempt": 1}
Feb  25 16:49:46	[DEBUG]	synchroniser/pending_sync.go:161	No pending transactions found in txpool
Feb  25 16:49:46	[INFO]	synchroniser/sync.go:462	Completed periodic task	{"task": "mempool sync", "attempt": 1}
Feb  25 16:49:51	[INFO]	synchroniser/sync.go:448	Running periodic task	{"task": "mempool sync", "attempt": 1}
Feb  25 16:49:51	[DEBUG]	synchroniser/pending_sync.go:161	No pending transactions found in txpool
Feb  25 16:49:51	[INFO]	synchroniser/sync.go:462	Completed periodic task	{"task": "mempool sync", "attempt": 1}
Feb  25 16:49:56	[INFO]	synchroniser/sync.go:448	Running periodic task	{"task": "mempool sync", "attempt": 1}
Feb  25 16:49:56	[DEBUG]	synchroniser/pending_sync.go:161	No pending transactions found in txpool
Feb  25 16:49:56	[INFO]	synchroniser/sync.go:462	Completed periodic task	{"task": "mempool sync", "attempt": 1}
Feb  25 16:50:01	[INFO]	synchroniser/sync.go:448	Running periodic task	{"task": "mempool sync", "attempt": 1}
Feb  25 16:50:01	[DEBUG]	synchroniser/pending_sync.go:161	No pending transactions found in txpool
Feb  25 16:50:01	[INFO]	synchroniser/sync.go:462	Completed periodic task	{"task": "mempool sync", "attempt": 1}
Feb  25 16:50:06	[INFO]	synchroniser/sync.go:448	Running periodic task	{"task": "mempool sync", "attempt": 1}
Feb  25 16:50:06	[DEBUG]	synchroniser/pending_sync.go:161	No pending transactions found in txpool
Feb  25 16:50:06	[INFO]	synchroniser/sync.go:462	Completed periodic task	{"task": "mempool sync", "attempt": 1}
Feb  25 16:50:06	[INFO]	synchroniser/sync.go:448	Running periodic task	{"task": "block_processing", "attempt": 1}
Feb  25 16:50:06	[INFO]	db/blocks.go:145	Found last known block in sync state	{"block": "0x120"}
Feb  25 16:50:06	[INFO]	synchroniser/sync.go:511	Processing blocks	{"current_block": "0x121", "latest_block": "0x122", "blocks_behind": "0x1"}
Feb  25 16:50:06	[INFO]	synchroniser/sync.go:378	Block processed successfully	{"block": "0x121", "hash": "0x4c6537fb8bb98f57ab75326cd734f025ea02b96fec9a4fdd046e486a24fd9274"}
Feb  25 16:50:06	[INFO]	synchroniser/sync.go:462	Completed periodic task	{"task": "block_processing", "attempt": 1}
Feb  25 16:50:11	[INFO]	synchroniser/sync.go:448	Running periodic task	{"task": "mempool sync", "attempt": 1}
Feb  25 16:50:11	[DEBUG]	synchroniser/pending_sync.go:161	No pending transactions found in txpool
Feb  25 16:50:11	[INFO]	synchroniser/sync.go:462	Completed periodic task	{"task": "mempool sync", "attempt": 1}
Feb  25 16:50:16	[INFO]	synchroniser/sync.go:448	Running periodic task	{"task": "mempool sync", "attempt": 1}
Feb  25 16:50:16	[DEBUG]	synchroniser/pending_sync.go:161	No pending transactions found in txpool
Feb  25 16:50:16	[INFO]	synchroniser/sync.go:462	Completed periodic task	{"task": "mempool sync", "attempt": 1}
Feb  25 16:50:21	[INFO]	synchroniser/sync.go:448	Running periodic task	{"task": "mempool sync", "attempt": 1}
Feb  25 16:50:21	[DEBUG]	synchroniser/pending_sync.go:161	No pending transactions found in txpool
Feb  25 16:50:21	[INFO]	synchroniser/sync.go:462	Completed periodic task	{"task": "mempool sync", "attempt": 1}
Feb  25 16:50:26	[INFO]	synchroniser/sync.go:448	Running periodic task	{"task": "mempool sync", "attempt": 1}
Feb  25 16:50:26	[DEBUG]	synchroniser/pending_sync.go:161	No pending transactions found in txpool
Feb  25 16:50:26	[INFO]	synchroniser/sync.go:462	Completed periodic task	{"task": "mempool sync", "attempt": 1}
Feb  25 16:50:31	[INFO]	synchroniser/sync.go:448	Running periodic task	{"task": "mempool sync", "attempt": 1}
Feb  25 16:50:31	[DEBUG]	synchroniser/pending_sync.go:161	No pending transactions found in txpool
Feb  25 16:50:31	[INFO]	synchroniser/sync.go:462	Completed periodic task	{"task": "mempool sync", "attempt": 1}
Feb  25 16:50:36	[INFO]	synchroniser/sync.go:448	Running periodic task	{"task": "mempool sync", "attempt": 1}
Feb  25 16:50:36	[INFO]	synchroniser/sync.go:448	Running periodic task	{"task": "block_processing", "attempt": 1}
Feb  25 16:50:36	[INFO]	db/blocks.go:145	Found last known block in sync state	{"block": "0x121"}
Feb  25 16:50:36	[INFO]	synchroniser/sync.go:527	No new blocks to process	{"current_block": "0x122", "latest_block": "0x122"}
Feb  25 16:50:36	[INFO]	synchroniser/sync.go:462	Completed periodic task	{"task": "block_processing", "attempt": 1}
Feb  25 16:50:36	[DEBUG]	synchroniser/pending_sync.go:161	No pending transactions found in txpool
Feb  25 16:50:36	[INFO]	synchroniser/sync.go:462	Completed periodic task	{"task": "mempool sync", "attempt": 1}
Feb  25 16:50:41	[INFO]	synchroniser/sync.go:448	Running periodic task	{"task": "mempool sync", "attempt": 1}
Feb  25 16:50:41	[DEBUG]	synchroniser/pending_sync.go:161	No pending transactions found in txpool
Feb  25 16:50:41	[INFO]	synchroniser/sync.go:462	Completed periodic task	{"task": "mempool sync", "attempt": 1}
Feb  25 16:50:46	[INFO]	synchroniser/sync.go:448	Running periodic task	{"task": "mempool sync", "attempt": 1}
Feb  25 16:50:46	[DEBUG]	synchroniser/pending_sync.go:161	No pending transactions found in txpool
Feb  25 16:50:46	[INFO]	synchroniser/sync.go:462	Completed periodic task	{"task": "mempool sync", "attempt": 1}
Feb  25 16:50:51	[INFO]	synchroniser/sync.go:448	Running periodic task	{"task": "mempool sync", "attempt": 1}
Feb  25 16:50:51	[DEBUG]	synchroniser/pending_sync.go:161	No pending transactions found in txpool
Feb  25 16:50:51	[INFO]	synchroniser/sync.go:462	Completed periodic task	{"task": "mempool sync", "attempt": 1}
Feb  25 16:50:56	[INFO]	synchroniser/sync.go:448	Running periodic task	{"task": "mempool sync", "attempt": 1}
Feb  25 16:50:56	[DEBUG]	synchroniser/pending_sync.go:161	No pending transactions found in txpool
Feb  25 16:50:56	[INFO]	synchroniser/sync.go:462	Completed periodic task	{"task": "mempool sync", "attempt": 1}
Feb  25 16:51:01	[INFO]	synchroniser/sync.go:448	Running periodic task	{"task": "mempool sync", "attempt": 1}
Feb  25 16:51:01	[DEBUG]	synchroniser/pending_sync.go:161	No pending transactions found in txpool
Feb  25 16:51:01	[INFO]	synchroniser/sync.go:462	Completed periodic task	{"task": "mempool sync", "attempt": 1}
Feb  25 16:51:06	[INFO]	synchroniser/sync.go:448	Running periodic task	{"task": "mempool sync", "attempt": 1}
Feb  25 16:51:06	[INFO]	synchroniser/sync.go:448	Running periodic task	{"task": "block_processing", "attempt": 1}
Feb  25 16:51:06	[INFO]	db/blocks.go:145	Found last known block in sync state	{"block": "0x121"}
Feb  25 16:51:06	[DEBUG]	synchroniser/pending_sync.go:161	No pending transactions found in txpool
Feb  25 16:51:06	[INFO]	synchroniser/sync.go:462	Completed periodic task	{"task": "mempool sync", "attempt": 1}
Feb  25 16:51:06	[INFO]	synchroniser/sync.go:511	Processing blocks	{"current_block": "0x122", "latest_block": "0x123", "blocks_behind": "0x1"}
Feb  25 16:51:06	[INFO]	synchroniser/sync.go:378	Block processed successfully	{"block": "0x122", "hash": "0x05ba12b0012e28f3b9cc1f99febb2b09a0a89c8703947eca42490b9469929f6e"}
Feb  25 16:51:06	[INFO]	synchroniser/sync.go:462	Completed periodic task	{"task": "block_processing", "attempt": 1}
Feb  25 16:51:11	[INFO]	synchroniser/sync.go:448	Running periodic task	{"task": "mempool sync", "attempt": 1}
Feb  25 16:51:11	[DEBUG]	synchroniser/pending_sync.go:161	No pending transactions found in txpool
Feb  25 16:51:11	[INFO]	synchroniser/sync.go:462	Completed periodic task	{"task": "mempool sync", "attempt": 1}
Feb  25 16:51:16	[INFO]	synchroniser/sync.go:448	Running periodic task	{"task": "mempool sync", "attempt": 1}
Feb  25 16:51:16	[DEBUG]	synchroniser/pending_sync.go:161	No pending transactions found in txpool
Feb  25 16:51:16	[INFO]	synchroniser/sync.go:462	Completed periodic task	{"task": "mempool sync", "attempt": 1}
Feb  25 16:51:21	[INFO]	synchroniser/sync.go:448	Running periodic task	{"task": "mempool sync", "attempt": 1}
Feb  25 16:51:21	[DEBUG]	synchroniser/pending_sync.go:161	No pending transactions found in txpool
Feb  25 16:51:21	[INFO]	synchroniser/sync.go:462	Completed periodic task	{"task": "mempool sync", "attempt": 1}
Feb  25 16:51:26	[INFO]	synchroniser/sync.go:448	Running periodic task	{"task": "mempool sync", "attempt": 1}
Feb  25 16:51:26	[DEBUG]	synchroniser/pending_sync.go:161	No pending transactions found in txpool
Feb  25 16:51:26	[INFO]	synchroniser/sync.go:462	Completed periodic task	{"task": "mempool sync", "attempt": 1}
Feb  25 16:51:31	[INFO]	synchroniser/sync.go:448	Running periodic task	{"task": "mempool sync", "attempt": 1}
Feb  25 16:51:31	[DEBUG]	synchroniser/pending_sync.go:161	No pending transactions found in txpool
Feb  25 16:51:31	[INFO]	synchroniser/sync.go:462	Completed periodic task	{"task": "mempool sync", "attempt": 1}
Feb  25 16:51:36	[INFO]	synchroniser/sync.go:448	Running periodic task	{"task": "mempool sync", "attempt": 1}
Feb  25 16:51:36	[INFO]	synchroniser/sync.go:448	Running periodic task	{"task": "block_processing", "attempt": 1}
Feb  25 16:51:36	[INFO]	db/blocks.go:145	Found last known block in sync state	{"block": "0x122"}
Feb  25 16:51:36	[DEBUG]	synchroniser/pending_sync.go:161	No pending transactions found in txpool
Feb  25 16:51:36	[INFO]	synchroniser/sync.go:462	Completed periodic task	{"task": "mempool sync", "attempt": 1}
Feb  25 16:51:36	[INFO]	synchroniser/sync.go:527	No new blocks to process	{"current_block": "0x123", "latest_block": "0x123"}
Feb  25 16:51:36	[INFO]	synchroniser/sync.go:462	Completed periodic task	{"task": "block_processing", "attempt": 1}
Feb  25 16:51:41	[INFO]	synchroniser/sync.go:448	Running periodic task	{"task": "mempool sync", "attempt": 1}
Feb  25 16:51:41	[DEBUG]	synchroniser/pending_sync.go:161	No pending transactions found in txpool
Feb  25 16:51:41	[INFO]	synchroniser/sync.go:462	Completed periodic task	{"task": "mempool sync", "attempt": 1}
Feb  25 16:51:46	[INFO]	synchroniser/sync.go:448	Running periodic task	{"task": "mempool sync", "attempt": 1}
Feb  25 16:51:46	[DEBUG]	synchroniser/pending_sync.go:161	No pending transactions found in txpool
Feb  25 16:51:46	[INFO]	synchroniser/sync.go:462	Completed periodic task	{"task": "mempool sync", "attempt": 1}
Feb  25 16:51:51	[INFO]	synchroniser/sync.go:448	Running periodic task	{"task": "mempool sync", "attempt": 1}
Feb  25 16:51:51	[DEBUG]	synchroniser/pending_sync.go:161	No pending transactions found in txpool
Feb  25 16:51:51	[INFO]	synchroniser/sync.go:462	Completed periodic task	{"task": "mempool sync", "attempt": 1}
Feb  25 16:51:56	[INFO]	synchroniser/sync.go:448	Running periodic task	{"task": "mempool sync", "attempt": 1}
Feb  25 16:51:56	[DEBUG]	synchroniser/pending_sync.go:161	No pending transactions found in txpool
Feb  25 16:51:56	[INFO]	synchroniser/sync.go:462	Completed periodic task	{"task": "mempool sync", "attempt": 1}
Feb  25 16:52:01	[INFO]	synchroniser/sync.go:448	Running periodic task	{"task": "mempool sync", "attempt": 1}
Feb  25 16:52:01	[DEBUG]	synchroniser/pending_sync.go:161	No pending transactions found in txpool
Feb  25 16:52:01	[INFO]	synchroniser/sync.go:462	Completed periodic task	{"task": "mempool sync", "attempt": 1}
Feb  25 16:52:06	[INFO]	synchroniser/sync.go:448	Running periodic task	{"task": "mempool sync", "attempt": 1}
Feb  25 16:52:06	[INFO]	synchroniser/sync.go:448	Running periodic task	{"task": "block_processing", "attempt": 1}
Feb  25 16:52:06	[INFO]	db/blocks.go:145	Found last known block in sync state	{"block": "0x122"}
Feb  25 16:52:06	[DEBUG]	synchroniser/pending_sync.go:161	No pending transactions found in txpool
Feb  25 16:52:06	[INFO]	synchroniser/sync.go:462	Completed periodic task	{"task": "mempool sync", "attempt": 1}
Feb  25 16:52:06	[INFO]	synchroniser/sync.go:511	Processing blocks	{"current_block": "0x123", "latest_block": "0x124", "blocks_behind": "0x1"}
Feb  25 16:52:06	[INFO]	synchroniser/sync.go:378	Block processed successfully	{"block": "0x123", "hash": "0x2fd6771d7314c1cd23e01c5578b655fb27b417231e0b0131f3a3870b8d8d5cff"}
Feb  25 16:52:06	[INFO]	synchroniser/sync.go:462	Completed periodic task	{"task": "block_processing", "attempt": 1}
Feb  25 16:52:11	[INFO]	synchroniser/sync.go:448	Running periodic task	{"task": "mempool sync", "attempt": 1}
Feb  25 16:52:11	[DEBUG]	synchroniser/pending_sync.go:161	No pending transactions found in txpool
Feb  25 16:52:11	[INFO]	synchroniser/sync.go:462	Completed periodic task	{"task": "mempool sync", "attempt": 1}
Feb  25 16:52:16	[INFO]	synchroniser/sync.go:448	Running periodic task	{"task": "mempool sync", "attempt": 1}
Feb  25 16:52:16	[DEBUG]	synchroniser/pending_sync.go:161	No pending transactions found in txpool
Feb  25 16:52:16	[INFO]	synchroniser/sync.go:462	Completed periodic task	{"task": "mempool sync", "attempt": 1}
Feb  25 16:52:21	[INFO]	synchroniser/sync.go:448	Running periodic task	{"task": "mempool sync", "attempt": 1}
Feb  25 16:52:21	[DEBUG]	synchroniser/pending_sync.go:161	No pending transactions found in txpool
Feb  25 16:52:21	[INFO]	synchroniser/sync.go:462	Completed periodic task	{"task": "mempool sync", "attempt": 1}
Feb  25 16:52:26	[INFO]	synchroniser/sync.go:448	Running periodic task	{"task": "mempool sync", "attempt": 1}
Feb  25 16:52:26	[DEBUG]	synchroniser/pending_sync.go:161	No pending transactions found in txpool
Feb  25 16:52:26	[INFO]	synchroniser/sync.go:462	Completed periodic task	{"task": "mempool sync", "attempt": 1}
Feb  25 16:52:31	[INFO]	synchroniser/sync.go:448	Running periodic task	{"task": "mempool sync", "attempt": 1}
Feb  25 16:52:31	[DEBUG]	synchroniser/pending_sync.go:161	No pending transactions found in txpool
Feb  25 16:52:31	[INFO]	synchroniser/sync.go:462	Completed periodic task	{"task": "mempool sync", "attempt": 1}
Feb  25 16:52:36	[INFO]	synchroniser/sync.go:448	Running periodic task	{"task": "mempool sync", "attempt": 1}
Feb  25 16:52:36	[INFO]	synchroniser/sync.go:448	Running periodic task	{"task": "block_processing", "attempt": 1}
Feb  25 16:52:36	[INFO]	db/blocks.go:145	Found last known block in sync state	{"block": "0x123"}
Feb  25 16:52:36	[INFO]	synchroniser/sync.go:527	No new blocks to process	{"current_block": "0x124", "latest_block": "0x124"}
Feb  25 16:52:36	[DEBUG]	synchroniser/pending_sync.go:161	No pending transactions found in txpool
Feb  25 16:52:36	[INFO]	synchroniser/sync.go:462	Completed periodic task	{"task": "mempool sync", "attempt": 1}
Feb  25 16:52:36	[INFO]	synchroniser/sync.go:462	Completed periodic task	{"task": "block_processing", "attempt": 1}
Feb  25 16:52:41	[INFO]	synchroniser/sync.go:448	Running periodic task	{"task": "mempool sync", "attempt": 1}
Feb  25 16:52:41	[DEBUG]	synchroniser/pending_sync.go:161	No pending transactions found in txpool
Feb  25 16:52:41	[INFO]	synchroniser/sync.go:462	Completed periodic task	{"task": "mempool sync", "attempt": 1}
Feb  25 16:52:46	[INFO]	synchroniser/sync.go:448	Running periodic task	{"task": "mempool sync", "attempt": 1}
Feb  25 16:52:46	[DEBUG]	synchroniser/pending_sync.go:161	No pending transactions found in txpool
Feb  25 16:52:46	[INFO]	synchroniser/sync.go:462	Completed periodic task	{"task": "mempool sync", "attempt": 1}
Feb  25 16:52:51	[INFO]	synchroniser/sync.go:448	Running periodic task	{"task": "mempool sync", "attempt": 1}
Feb  25 16:52:51	[DEBUG]	synchroniser/pending_sync.go:161	No pending transactions found in txpool
Feb  25 16:52:51	[INFO]	synchroniser/sync.go:462	Completed periodic task	{"task": "mempool sync", "attempt": 1}
Feb  25 16:52:56	[INFO]	synchroniser/sync.go:448	Running periodic task	{"task": "mempool sync", "attempt": 1}
Feb  25 16:52:56	[DEBUG]	synchroniser/pending_sync.go:161	No pending transactions found in txpool
Feb  25 16:52:56	[INFO]	synchroniser/sync.go:462	Completed periodic task	{"task": "mempool sync", "attempt": 1}
Feb  25 16:53:01	[INFO]	synchroniser/sync.go:448	Running periodic task	{"task": "mempool sync", "attempt": 1}
Feb  25 16:53:01	[DEBUG]	synchroniser/pending_sync.go:161	No pending transactions found in txpool
Feb  25 16:53:01	[INFO]	synchroniser/sync.go:462	Completed periodic task	{"task": "mempool sync", "attempt": 1}
Feb  25 16:53:06	[INFO]	synchroniser/sync.go:448	Running periodic task	{"task": "mempool sync", "attempt": 1}
Feb  25 16:53:06	[DEBUG]	synchroniser/pending_sync.go:161	No pending transactions found in txpool
Feb  25 16:53:06	[INFO]	synchroniser/sync.go:462	Completed periodic task	{"task": "mempool sync", "attempt": 1}
Feb  25 16:53:06	[INFO]	synchroniser/sync.go:448	Running periodic task	{"task": "block_processing", "attempt": 1}
Feb  25 16:53:06	[INFO]	db/blocks.go:145	Found last known block in sync state	{"block": "0x123"}
Feb  25 16:53:06	[INFO]	synchroniser/sync.go:511	Processing blocks	{"current_block": "0x124", "latest_block": "0x125", "blocks_behind": "0x1"}
Feb  25 16:53:06	[INFO]	synchroniser/sync.go:378	Block processed successfully	{"block": "0x124", "hash": "0x2f44899cf75d41482cdff251321b1f4624ff6ef6fdbf1d17a7461902e807b13a"}
Feb  25 16:53:06	[INFO]	synchroniser/sync.go:462	Completed periodic task	{"task": "block_processing", "attempt": 1}
Feb  25 16:53:11	[INFO]	synchroniser/sync.go:448	Running periodic task	{"task": "mempool sync", "attempt": 1}
Feb  25 16:53:11	[DEBUG]	synchroniser/pending_sync.go:161	No pending transactions found in txpool
Feb  25 16:53:11	[INFO]	synchroniser/sync.go:462	Completed periodic task	{"task": "mempool sync", "attempt": 1}
Feb  25 16:53:16	[INFO]	synchroniser/sync.go:448	Running periodic task	{"task": "mempool sync", "attempt": 1}
Feb  25 16:53:16	[DEBUG]	synchroniser/pending_sync.go:161	No pending transactions found in txpool
Feb  25 16:53:16	[INFO]	synchroniser/sync.go:462	Completed periodic task	{"task": "mempool sync", "attempt": 1}
